<?xml version="1.0" encoding="UTF-8"?>
<!-- Generated by org.testng.reporters.JUnitReportReporter -->
<testsuite hostname="LAPTOP-CG8D5202" failures="0" tests="1" name="Demo.TestDemo" time="0.006" errors="0" timestamp="2023-01-30T14:36:46 IST" skipped="0">
  <testcase classname="Demo.TestDemo" name="demo" time="0.006"/>
  <system-out/>
</testsuite> <!-- Demo.TestDemo -->
